Mem: Buffer allocated: 0x00D0850C

Msg sent:
[ MsgBuf:0x00D0850C Size:0x0000 SrcId  :0x01 DestObj:0x03
  Inst  :0x0001     Cmd :0x41   CmdExt0:0x03 CmdExt1:0x00 ]
[ ]

Mem: Buffer returned:  0x00D0850C
ANB_STATUS: ABP_ANB_STATE_SETUP
Mem: Buffer allocated: 0x00D0850C
Outstanding commands: 0

Msg received:
[ MsgBuf:0x00D0850C Size:0x0001 SrcId  :0x01 DestObj:0x03
  Inst  :0x0001     Cmd :0x01   CmdExt0:0x03 CmdExt1:0x00 ]
[ 0x00 ]

Routing response to registered response handler: MsgBuf:0x00D0850C SrcId:0x01
RSP MSG_DATA_FORMAT: 0

Msg sent:
[ MsgBuf:0x00D0850C Size:0x0000 SrcId  :0x02 DestObj:0x03
  Inst  :0x0001     Cmd :0x41   CmdExt0:0x04 CmdExt1:0x00 ]
[ ]

Mem: Buffer returned:  0x00D0850C
Mem: Buffer allocated: 0x00D0850C
Outstanding commands: 0

Msg received:
[ MsgBuf:0x00D0850C Size:0x0001 SrcId  :0x02 DestObj:0x03
  Inst  :0x0001     Cmd :0x01   CmdExt0:0x04 CmdExt1:0x00 ]
[ 0x01 ]

Routing response to registered response handler: MsgBuf:0x00D0850C SrcId:0x02
RSP MSG_GET_PARAM_SUPPORT: 1

Msg sent:
[ MsgBuf:0x00D0850C Size:0x0000 SrcId  :0x03 DestObj:0x01
  Inst  :0x0001     Cmd :0x41   CmdExt0:0x01 CmdExt1:0x00 ]
[ ]

Mem: Buffer returned:  0x00D0850C
Mem: Buffer allocated: 0x00D0850C
Outstanding commands: 0

Msg received:
[ MsgBuf:0x00D0850C Size:0x0002 SrcId  :0x03 DestObj:0x01
  Inst  :0x0001     Cmd :0x01   CmdExt0:0x01 CmdExt1:0x00 ]
[ 0x03 0x04 ]

Routing response to registered response handler: MsgBuf:0x00D0850C SrcId:0x03
RSP MSG_GET_MODULE_ID: 0x403

Msg sent:
[ MsgBuf:0x00D0850C Size:0x0000 SrcId  :0x04 DestObj:0x03
  Inst  :0x0001     Cmd :0x41   CmdExt0:0x01 CmdExt1:0x00 ]
[ ]

Mem: Buffer returned:  0x00D0850C
Mem: Buffer allocated: 0x00D0850C
Outstanding commands: 0

Msg received:
[ MsgBuf:0x00D0850C Size:0x0002 SrcId  :0x04 DestObj:0x03
  Inst  :0x0001     Cmd :0x01   CmdExt0:0x01 CmdExt1:0x00 ]
[ 0x93 0x00 ]

Routing response to registered response handler: MsgBuf:0x00D0850C SrcId:0x04
RSP MSG_GET_NETWORK_ID: 0x93

Msg sent:
[ MsgBuf:0x00D0850C Size:0x0000 SrcId  :0x05 DestObj:0x01
  Inst  :0x0001     Cmd :0x41   CmdExt0:0x02 CmdExt1:0x00 ]
[ ]

Mem: Buffer returned:  0x00D0850C
Mem: Buffer allocated: 0x00D0850C
Outstanding commands: 0

Msg received:
[ MsgBuf:0x00D0850C Size:0x0003 SrcId  :0x05 DestObj:0x01
  Inst  :0x0001     Cmd :0x01   CmdExt0:0x02 CmdExt1:0x00 ]
[ 0x01 0x0d 0x01 ]

Routing response to registered response handler: MsgBuf:0x00D0850C SrcId:0x05
RSP MSG_GET_FW_VERSION: 1.13.1

Msg sent:
[ MsgBuf:0x00D0850C Size:0x0007 SrcId  :0x06 DestObj:0x03
  Inst  :0x0001     Cmd :0x52   CmdExt0:0x01 CmdExt1:0x00 ]
[ 0x01 0x00 0x01 0x00 0x01 0x01 0x05 ]

Mem: Buffer returned:  0x00D0850C
Mem: Buffer allocated: 0x00D0850C
Outstanding commands: 0

Msg received:
[ MsgBuf:0x00D0850C Size:0x0004 SrcId  :0x06 DestObj:0x03
  Inst  :0x0001     Cmd :0x12   CmdExt0:0x01 CmdExt1:0x00 ]
[ 0x00 0x00 0x00 0x00 ]

Routing response to registered response handler: MsgBuf:0x00D0850C SrcId:0x06
RSP MSG_MAP_IO_****

Msg sent:
[ MsgBuf:0x00D0850C Size:0x0007 SrcId  :0x07 DestObj:0x03
  Inst  :0x0001     Cmd :0x53   CmdExt0:0x01 CmdExt1:0x00 ]
[ 0x02 0x00 0x01 0x00 0x01 0x01 0x05 ]

Mem: Buffer returned:  0x00D0850C
Mem: Buffer allocated: 0x00D0850C
Outstanding commands: 0

Msg received:
[ MsgBuf:0x00D0850C Size:0x0004 SrcId  :0x07 DestObj:0x03
  Inst  :0x0001     Cmd :0x13   CmdExt0:0x01 CmdExt1:0x00 ]
[ 0x00 0x00 0x00 0x00 ]

Routing response to registered response handler: MsgBuf:0x00D0850C SrcId:0x07
RSP MSG_MAP_IO_****
Mem: Buffer returned:  0x00D0850C
Mem: Buffer allocated: 0x00D0850C
Mem: Buffer returned:  0x00D0850C
Mem: Buffer allocated: 0x00D0850C

Msg sent:
[ MsgBuf:0x00D0850C Size:0x0000 SrcId  :0x08 DestObj:0x03
  Inst  :0x0001     Cmd :0x41   CmdExt0:0x06 CmdExt1:0x00 ]
[ ]

Mem: Buffer returned:  0x00D0850C
Mem: Buffer allocated: 0x00D0850C
Outstanding commands: 0

Msg received:
[ MsgBuf:0x00D0850C Size:0x0002 SrcId  :0x08 DestObj:0x03
  Inst  :0x0001     Cmd :0x01   CmdExt0:0x06 CmdExt1:0x00 ]
[ 0x02 0x00 ]

Routing response to registered response handler: MsgBuf:0x00D0850C SrcId:0x08

Msg sent:
[ MsgBuf:0x00D0850C Size:0x0000 SrcId  :0x09 DestObj:0x03
  Inst  :0x0001     Cmd :0x41   CmdExt0:0x05 CmdExt1:0x00 ]
[ ]

Mem: Buffer returned:  0x00D0850C
Mem: Buffer allocated: 0x00D0850C
Outstanding commands: 0

Msg received:
[ MsgBuf:0x00D0850C Size:0x0002 SrcId  :0x09 DestObj:0x03
  Inst  :0x0001     Cmd :0x01   CmdExt0:0x05 CmdExt1:0x00 ]
[ 0x02 0x00 ]

Routing response to registered response handler: MsgBuf:0x00D0850C SrcId:0x09

Msg sent:
[ MsgBuf:0x00D0850C Size:0x0001 SrcId  :0x0a DestObj:0x01
  Inst  :0x0001     Cmd :0x42   CmdExt0:0x05 CmdExt1:0x00 ]
[ 0x01 ]

Mem: Buffer returned:  0x00D0850C
Mem: Buffer allocated: 0x00D0850C
Outstanding commands: 0

Msg received:
[ MsgBuf:0x00D0850C Size:0x0000 SrcId  :0x0a DestObj:0x01
  Inst  :0x0001     Cmd :0x02   CmdExt0:0x05 CmdExt1:0x00 ]
[ ]

Routing response to registered response handler: MsgBuf:0x00D0850C SrcId:0x0a
RSP MSG_SETUP_COMPLETE
Mem: Buffer returned:  0x00D0850C
Mapped PD size, RdPd 2 WrPd: 2
ANB_STATUS: ABP_ANB_STATE_NW_INIT
Mem: Buffer allocated: 0x00D0850C

Msg received:
[ MsgBuf:0x00D0850C Size:0x0000 SrcId  :0x00 DestObj:0xfa
  Inst  :0x0001     Cmd :0x41   CmdExt0:0x09 CmdExt1:0x00 ]
[ ]


Msg sent:
[ MsgBuf:0x00D0850C Size:0x0001 SrcId  :0x00 DestObj:0xfa
  Inst  :0x0001     Cmd :0x81   CmdExt0:0x09 CmdExt1:0x00 ]
[ 0x06 ]

Mem: Buffer returned:  0x00D0850C
Mem: Buffer allocated: 0x00D0850C

Msg received:
[ MsgBuf:0x00D0850C Size:0x0000 SrcId  :0x00 DestObj:0xfa
  Inst  :0x0001     Cmd :0x41   CmdExt0:0x0a CmdExt1:0x00 ]
[ ]


Msg sent:
[ MsgBuf:0x00D0850C Size:0x0001 SrcId  :0x00 DestObj:0xfa
  Inst  :0x0001     Cmd :0x81   CmdExt0:0x0a CmdExt1:0x00 ]
[ 0x06 ]

Mem: Buffer returned:  0x00D0850C
Mem: Buffer allocated: 0x00D0850C

Msg received:
[ MsgBuf:0x00D0850C Size:0x0000 SrcId  :0x00 DestObj:0xfa
  Inst  :0x0001     Cmd :0x41   CmdExt0:0x0b CmdExt1:0x00 ]
[ ]


Msg sent:
[ MsgBuf:0x00D0850C Size:0x0001 SrcId  :0x00 DestObj:0xfa
  Inst  :0x0001     Cmd :0x81   CmdExt0:0x0b CmdExt1:0x00 ]
[ 0x06 ]

Mem: Buffer returned:  0x00D0850C
Mem: Buffer allocated: 0x00D0850C

Msg received:
[ MsgBuf:0x00D0850C Size:0x0000 SrcId  :0x00 DestObj:0xfa
  Inst  :0x0001     Cmd :0x41   CmdExt0:0x0c CmdExt1:0x00 ]
[ ]


Msg sent:
[ MsgBuf:0x00D0850C Size:0x0001 SrcId  :0x00 DestObj:0xfa
  Inst  :0x0001     Cmd :0x81   CmdExt0:0x0c CmdExt1:0x00 ]
[ 0x06 ]

Mem: Buffer returned:  0x00D0850C
Mem: Buffer allocated: 0x00D0850C

Msg received:
[ MsgBuf:0x00D0850C Size:0x0000 SrcId  :0x00 DestObj:0xfe
  Inst  :0x0000     Cmd :0x41   CmdExt0:0x04 CmdExt1:0x00 ]
[ ]


Msg sent:
[ MsgBuf:0x00D0850C Size:0x0002 SrcId  :0x00 DestObj:0xfe
  Inst  :0x0000     Cmd :0x01   CmdExt0:0x04 CmdExt1:0x00 ]
[ 0x02 0x00 ]

Mem: Buffer returned:  0x00D0850C
Mem: Buffer allocated: 0x00D0850C

Msg received:
[ MsgBuf:0x00D0850C Size:0x0000 SrcId  :0x00 DestObj:0xfa
  Inst  :0x0001     Cmd :0x41   CmdExt0:0x01 CmdExt1:0x00 ]
[ ]


Msg sent:
[ MsgBuf:0x00D0850C Size:0x000b SrcId  :0x00 DestObj:0xfa
  Inst  :0x0001     Cmd :0x01   CmdExt0:0x01 CmdExt1:0x00 ]
[ 0x56 0x65 0x6e 0x64 0x6f 0x72 0x20 0x4e 0x61 0x6d 0x65 ]

Mem: Buffer returned:  0x00D0850C
Mem: Buffer allocated: 0x00D0850C

Msg received:
[ MsgBuf:0x00D0850C Size:0x0000 SrcId  :0x00 DestObj:0xfa
  Inst  :0x0001     Cmd :0x41   CmdExt0:0x02 CmdExt1:0x00 ]
[ ]


Msg sent:
[ MsgBuf:0x00D0850C Size:0x000c SrcId  :0x00 DestObj:0xfa
  Inst  :0x0001     Cmd :0x01   CmdExt0:0x02 CmdExt1:0x00 ]
[ 0x50 0x72 0x6f 0x64 0x75 0x63 0x74 0x20 0x43 0x6f 0x64 0x65 ]

Mem: Buffer returned:  0x00D0850C
Mem: Buffer allocated: 0x00D0850C

Msg received:
[ MsgBuf:0x00D0850C Size:0x0000 SrcId  :0x00 DestObj:0xfa
  Inst  :0x0001     Cmd :0x41   CmdExt0:0x03 CmdExt1:0x00 ]
[ ]


Msg sent:
[ MsgBuf:0x00D0850C Size:0x0005 SrcId  :0x00 DestObj:0xfa
  Inst  :0x0001     Cmd :0x01   CmdExt0:0x03 CmdExt1:0x00 ]
[ 0x39 0x39 0x2e 0x39 0x39 ]

Mem: Buffer returned:  0x00D0850C
Mem: Buffer allocated: 0x00D0850C

Msg received:
[ MsgBuf:0x00D0850C Size:0x0000 SrcId  :0x00 DestObj:0xff
  Inst  :0x0001     Cmd :0x41   CmdExt0:0x0a CmdExt1:0x00 ]
[ ]


Msg sent:
[ MsgBuf:0x00D0850C Size:0x0001 SrcId  :0x00 DestObj:0xff
  Inst  :0x0001     Cmd :0x81   CmdExt0:0x0a CmdExt1:0x00 ]
[ 0x06 ]

Mem: Buffer returned:  0x00D0850C
Mem: Buffer allocated: 0x00D0850C

Msg received:
[ MsgBuf:0x00D0850C Size:0x0000 SrcId  :0x00 DestObj:0xfa
  Inst  :0x0001     Cmd :0x41   CmdExt0:0x04 CmdExt1:0x00 ]
[ ]


Msg sent:
[ MsgBuf:0x00D0850C Size:0x000e SrcId  :0x00 DestObj:0xfa
  Inst  :0x0001     Cmd :0x01   CmdExt0:0x04 CmdExt1:0x00 ]
[ 0x77 0x77 0x77 0x2e 0x76 0x65 0x6e 0x64 0x6f 0x72 0x2e 0x75 0x72 0x6c ]

Mem: Buffer returned:  0x00D0850C
Mem: Buffer allocated: 0x00D0850C

Msg received:
[ MsgBuf:0x00D0850C Size:0x0000 SrcId  :0x00 DestObj:0xfa
  Inst  :0x0001     Cmd :0x41   CmdExt0:0x05 CmdExt1:0x00 ]
[ ]


Msg sent:
[ MsgBuf:0x00D0850C Size:0x000c SrcId  :0x00 DestObj:0xfa
  Inst  :0x0001     Cmd :0x01   CmdExt0:0x05 CmdExt1:0x00 ]
[ 0x50 0x72 0x6f 0x64 0x75 0x63 0x74 0x20 0x4e 0x61 0x6d 0x65 ]

Mem: Buffer returned:  0x00D0850C
Mem: Buffer allocated: 0x00D0850C

Msg received:
[ MsgBuf:0x00D0850C Size:0x0000 SrcId  :0x00 DestObj:0xfa
  Inst  :0x0001     Cmd :0x41   CmdExt0:0x06 CmdExt1:0x00 ]
[ ]


Msg sent:
[ MsgBuf:0x00D0850C Size:0x000a SrcId  :0x00 DestObj:0xfa
  Inst  :0x0001     Cmd :0x01   CmdExt0:0x06 CmdExt1:0x00 ]
[ 0x4d 0x6f 0x64 0x65 0x6c 0x20 0x4e 0x61 0x6d 0x65 ]

Mem: Buffer returned:  0x00D0850C
Mem: Buffer allocated: 0x00D0850C

Msg received:
[ MsgBuf:0x00D0850C Size:0x0000 SrcId  :0x00 DestObj:0xfa
  Inst  :0x0001     Cmd :0x41   CmdExt0:0x07 CmdExt1:0x00 ]
[ ]


Msg sent:
[ MsgBuf:0x00D0850C Size:0x0015 SrcId  :0x00 DestObj:0xfa
  Inst  :0x0001     Cmd :0x01   CmdExt0:0x07 CmdExt1:0x00 ]
[ 0x55 0x73 0x65 0x72 0x20 0x41 0x70 0x70 0x6c 0x69 0x63 0x61 0x74 0x69 0x6f
  0x6e 0x20 0x4e 0x61 0x6d 0x65 ]

Mem: Buffer returned:  0x00D0850C
Mem: Buffer allocated: 0x00D0850C

Msg received:
[ MsgBuf:0x00D0850C Size:0x0000 SrcId  :0x00 DestObj:0xfe
  Inst  :0x0002     Cmd :0x41   CmdExt0:0x03 CmdExt1:0x00 ]
[ ]


Msg sent:
[ MsgBuf:0x00D0850C Size:0x0001 SrcId  :0x00 DestObj:0xfe
  Inst  :0x0002     Cmd :0x01   CmdExt0:0x03 CmdExt1:0x00 ]
[ 0x01 ]

Mem: Buffer returned:  0x00D0850C
Mem: Buffer allocated: 0x00D0850C

Msg received:
[ MsgBuf:0x00D0850C Size:0x0000 SrcId  :0x00 DestObj:0xfe
  Inst  :0x0002     Cmd :0x41   CmdExt0:0x02 CmdExt1:0x00 ]
[ ]


Msg sent:
[ MsgBuf:0x00D0850C Size:0x0001 SrcId  :0x00 DestObj:0xfe
  Inst  :0x0002     Cmd :0x01   CmdExt0:0x02 CmdExt1:0x00 ]
[ 0x05 ]

Mem: Buffer returned:  0x00D0850C
Mem: Buffer allocated: 0x00D0850C

Msg received:
[ MsgBuf:0x00D0850C Size:0x0000 SrcId  :0x00 DestObj:0xfe
  Inst  :0x0002     Cmd :0x41   CmdExt0:0x05 CmdExt1:0x00 ]
[ ]


Msg sent:
[ MsgBuf:0x00D0850C Size:0x0002 SrcId  :0x00 DestObj:0xfe
  Inst  :0x0002     Cmd :0x01   CmdExt0:0x05 CmdExt1:0x00 ]
[ 0x00 0x00 ]

Mem: Buffer returned:  0x00D0850C
Mem: Buffer allocated: 0x00D0850C

Msg received:
[ MsgBuf:0x00D0850C Size:0x0000 SrcId  :0x00 DestObj:0xf9
  Inst  :0x0001     Cmd :0x41   CmdExt0:0x02 CmdExt1:0x00 ]
[ ]


Msg sent:
[ MsgBuf:0x00D0850C Size:0x0001 SrcId  :0x00 DestObj:0xf9
  Inst  :0x0001     Cmd :0x81   CmdExt0:0x02 CmdExt1:0x00 ]
[ 0x03 ]

Mem: Buffer returned:  0x00D0850C
Mem: Buffer allocated: 0x00D0850C

Msg received:
[ MsgBuf:0x00D0850C Size:0x0000 SrcId  :0x00 DestObj:0xf9
  Inst  :0x0001     Cmd :0x41   CmdExt0:0x06 CmdExt1:0x00 ]
[ ]


Msg sent:
[ MsgBuf:0x00D0850C Size:0x0001 SrcId  :0x00 DestObj:0xf9
  Inst  :0x0001     Cmd :0x81   CmdExt0:0x06 CmdExt1:0x00 ]
[ 0x03 ]

Mem: Buffer returned:  0x00D0850C
Mem: Buffer allocated: 0x00D0850C

Msg received:
[ MsgBuf:0x00D0850C Size:0x0000 SrcId  :0x00 DestObj:0xf9
  Inst  :0x0001     Cmd :0x41   CmdExt0:0x07 CmdExt1:0x00 ]
[ ]


Msg sent:
[ MsgBuf:0x00D0850C Size:0x0001 SrcId  :0x00 DestObj:0xf9
  Inst  :0x0001     Cmd :0x81   CmdExt0:0x07 CmdExt1:0x00 ]
[ 0x03 ]

Mem: Buffer returned:  0x00D0850C
Mem: Buffer allocated: 0x00D0850C

Msg received:
[ MsgBuf:0x00D0850C Size:0x0000 SrcId  :0x00 DestObj:0xf9
  Inst  :0x0001     Cmd :0x41   CmdExt0:0x03 CmdExt1:0x00 ]
[ ]


Msg sent:
[ MsgBuf:0x00D0850C Size:0x0001 SrcId  :0x00 DestObj:0xf9
  Inst  :0x0001     Cmd :0x81   CmdExt0:0x03 CmdExt1:0x00 ]
[ 0x03 ]

Mem: Buffer returned:  0x00D0850C
Mem: Buffer allocated: 0x00D0850C

Msg received:
[ MsgBuf:0x00D0850C Size:0x0000 SrcId  :0x00 DestObj:0xf9
  Inst  :0x0001     Cmd :0x41   CmdExt0:0x05 CmdExt1:0x00 ]
[ ]


Msg sent:
[ MsgBuf:0x00D0850C Size:0x0001 SrcId  :0x00 DestObj:0xf9
  Inst  :0x0001     Cmd :0x81   CmdExt0:0x05 CmdExt1:0x00 ]
[ 0x03 ]

Mem: Buffer returned:  0x00D0850C
Mem: Buffer allocated: 0x00D0850C

Msg received:
[ MsgBuf:0x00D0850C Size:0x0000 SrcId  :0x00 DestObj:0xf9
  Inst  :0x0001     Cmd :0x41   CmdExt0:0x0e CmdExt1:0x00 ]
[ ]


Msg sent:
[ MsgBuf:0x00D0850C Size:0x0001 SrcId  :0x00 DestObj:0xf9
  Inst  :0x0001     Cmd :0x81   CmdExt0:0x0e CmdExt1:0x00 ]
[ 0x03 ]

Mem: Buffer returned:  0x00D0850C
Mem: Buffer allocated: 0x00D0850C

Msg received:
[ MsgBuf:0x00D0850C Size:0x0000 SrcId  :0x00 DestObj:0xf9
  Inst  :0x0001     Cmd :0x41   CmdExt0:0x0c CmdExt1:0x00 ]
[ ]


Msg sent:
[ MsgBuf:0x00D0850C Size:0x0001 SrcId  :0x00 DestObj:0xf9
  Inst  :0x0001     Cmd :0x81   CmdExt0:0x0c CmdExt1:0x00 ]
[ 0x03 ]

Mem: Buffer returned:  0x00D0850C
Mem: Buffer allocated: 0x00D0850C

Msg received:
[ MsgBuf:0x00D0850C Size:0x0000 SrcId  :0x00 DestObj:0xf9
  Inst  :0x0001     Cmd :0x41   CmdExt0:0x0d CmdExt1:0x00 ]
[ ]


Msg sent:
[ MsgBuf:0x00D0850C Size:0x0001 SrcId  :0x00 DestObj:0xf9
  Inst  :0x0001     Cmd :0x81   CmdExt0:0x0d CmdExt1:0x00 ]
[ 0x03 ]

Mem: Buffer returned:  0x00D0850C
Mem: Buffer allocated: 0x00D0850C

Msg received:
[ MsgBuf:0x00D0850C Size:0x0000 SrcId  :0x00 DestObj:0xf9
  Inst  :0x0001     Cmd :0x41   CmdExt0:0x0b CmdExt1:0x00 ]
[ ]


Msg sent:
[ MsgBuf:0x00D0850C Size:0x0001 SrcId  :0x00 DestObj:0xf9
  Inst  :0x0001     Cmd :0x81   CmdExt0:0x0b CmdExt1:0x00 ]
[ 0x03 ]

Mem: Buffer returned:  0x00D0850C
Mem: Buffer allocated: 0x00D0850C

Msg received:
[ MsgBuf:0x00D0850C Size:0x0000 SrcId  :0x00 DestObj:0xf9
  Inst  :0x0001     Cmd :0x41   CmdExt0:0x0f CmdExt1:0x00 ]
[ ]


Msg sent:
[ MsgBuf:0x00D0850C Size:0x0001 SrcId  :0x00 DestObj:0xf9
  Inst  :0x0001     Cmd :0x81   CmdExt0:0x0f CmdExt1:0x00 ]
[ 0x03 ]

Mem: Buffer returned:  0x00D0850C
Mem: Buffer allocated: 0x00D0850C

Msg received:
[ MsgBuf:0x00D0850C Size:0x0000 SrcId  :0x00 DestObj:0xf9
  Inst  :0x0001     Cmd :0x41   CmdExt0:0x12 CmdExt1:0x00 ]
[ ]


Msg sent:
[ MsgBuf:0x00D0850C Size:0x0001 SrcId  :0x00 DestObj:0xf9
  Inst  :0x0001     Cmd :0x81   CmdExt0:0x12 CmdExt1:0x00 ]
[ 0x03 ]

Mem: Buffer returned:  0x00D0850C
Mem: Buffer allocated: 0x00D0850C

Msg received:
[ MsgBuf:0x00D0850C Size:0x0000 SrcId  :0x00 DestObj:0xf9
  Inst  :0x0001     Cmd :0x41   CmdExt0:0x16 CmdExt1:0x00 ]
[ ]


Msg sent:
[ MsgBuf:0x00D0850C Size:0x0001 SrcId  :0x00 DestObj:0xf9
  Inst  :0x0001     Cmd :0x81   CmdExt0:0x16 CmdExt1:0x00 ]
[ 0x03 ]

Mem: Buffer returned:  0x00D0850C
Mem: Buffer allocated: 0x00D0850C

Msg received:
[ MsgBuf:0x00D0850C Size:0x0000 SrcId  :0x00 DestObj:0xf9
  Inst  :0x0001     Cmd :0x41   CmdExt0:0x18 CmdExt1:0x00 ]
[ ]


Msg sent:
[ MsgBuf:0x00D0850C Size:0x0001 SrcId  :0x00 DestObj:0xf9
  Inst  :0x0001     Cmd :0x81   CmdExt0:0x18 CmdExt1:0x00 ]
[ 0x03 ]

Mem: Buffer returned:  0x00D0850C
Mem: Buffer allocated: 0x00D0850C

Msg received:
[ MsgBuf:0x00D0850C Size:0x0000 SrcId  :0x00 DestObj:0xf9
  Inst  :0x0001     Cmd :0x41   CmdExt0:0x01 CmdExt1:0x00 ]
[ ]


Msg sent:
[ MsgBuf:0x00D0850C Size:0x0001 SrcId  :0x00 DestObj:0xf9
  Inst  :0x0001     Cmd :0x81   CmdExt0:0x01 CmdExt1:0x00 ]
[ 0x03 ]

Mem: Buffer returned:  0x00D0850C
ANB_STATUS: ABP_ANB_STATE_WAIT_PROCESS
Mem: Buffer allocated: 0x00D0850C

Msg received:
[ MsgBuf:0x00D0850C Size:0x0001 SrcId  :0x00 DestObj:0xff
  Inst  :0x0001     Cmd :0x42   CmdExt0:0x05 CmdExt1:0x00 ]
[ 0x00 ]


Msg sent:
[ MsgBuf:0x00D0850C Size:0x0000 SrcId  :0x00 DestObj:0xff
  Inst  :0x0001     Cmd :0x02   CmdExt0:0x05 CmdExt1:0x00 ]
[ ]

Mem: Buffer returned:  0x00D0850C
Mem: Buffer allocated: 0x00D0850C

Msg received:
[ MsgBuf:0x00D0850C Size:0x0002 SrcId  :0x00 DestObj:0xf9
  Inst  :0x0001     Cmd :0x42   CmdExt0:0x08 CmdExt1:0x00 ]
[ 0x09 0x00 ]


Msg sent:
[ MsgBuf:0x00D0850C Size:0x0001 SrcId  :0x00 DestObj:0xf9
  Inst  :0x0001     Cmd :0x82   CmdExt0:0x08 CmdExt1:0x00 ]
[ 0x03 ]

Mem: Buffer returned:  0x00D0850C
Mem: Buffer allocated: 0x00D0850C

Msg received:
[ MsgBuf:0x00D0850C Size:0x0002 SrcId  :0x00 DestObj:0xf9
  Inst  :0x0001     Cmd :0x42   CmdExt0:0x08 CmdExt1:0x00 ]
[ 0x0b 0x00 ]


Msg sent:
[ MsgBuf:0x00D0850C Size:0x0001 SrcId  :0x00 DestObj:0xf9
  Inst  :0x0001     Cmd :0x82   CmdExt0:0x08 CmdExt1:0x00 ]
[ 0x03 ]

Mem: Buffer returned:  0x00D0850C
Mem: Buffer allocated: 0x00D0850C

Msg received:
[ MsgBuf:0x00D0850C Size:0x000c SrcId  :0x01 DestObj:0xf9
  Inst  :0x0001     Cmd :0x42   CmdExt0:0x10 CmdExt1:0x00 ]
[ 0xc0 0xa8 0x00 0x05 0xff 0xff 0xff 0x00 0x00 0x00 0x00 0x00 ]


Msg sent:
[ MsgBuf:0x00D0850C Size:0x0001 SrcId  :0x01 DestObj:0xf9
  Inst  :0x0001     Cmd :0x82   CmdExt0:0x10 CmdExt1:0x00 ]
[ 0x03 ]

Mem: Buffer returned:  0x00D0850C
